Analysis & Synthesis report for project_circuit
Tue Dec  5 16:09:21 2023
Quartus Prime Version 22.1std.0 Build 915 10/25/2022 SC Lite Edition


---------------------
; Table of Contents ;
---------------------
  1. Legal Notice
  2. Analysis & Synthesis Summary
  3. Analysis & Synthesis Settings
  4. Parallel Compilation
  5. Analysis & Synthesis Source Files Read
  6. Analysis & Synthesis Resource Usage Summary
  7. Analysis & Synthesis Resource Utilization by Entity
  8. Registers Removed During Synthesis
  9. General Register Statistics
 10. Post-Synthesis Netlist Statistics for Top Partition
 11. Elapsed Time Per Partition
 12. Analysis & Synthesis Messages



----------------
; Legal Notice ;
----------------
Copyright (C) 2022  Intel Corporation. All rights reserved.
Your use of Intel Corporation's design tools, logic functions 
and other software and tools, and any partner logic 
functions, and any output files from any of the foregoing 
(including device programming or simulation files), and any 
associated documentation or information are expressly subject 
to the terms and conditions of the Intel Program License 
Subscription Agreement, the Intel Quartus Prime License Agreement,
the Intel FPGA IP License Agreement, or other applicable license
agreement, including, without limitation, that your use is for
the sole purpose of programming logic devices manufactured by
Intel and sold by Intel or its authorized distributors.  Please
refer to the applicable agreement for further details, at
https://fpgasoftware.intel.com/eula.



+-------------------------------------------------------------------------------------+
; Analysis & Synthesis Summary                                                        ;
+------------------------------------+------------------------------------------------+
; Analysis & Synthesis Status        ; Successful - Tue Dec  5 16:09:21 2023          ;
; Quartus Prime Version              ; 22.1std.0 Build 915 10/25/2022 SC Lite Edition ;
; Revision Name                      ; project_circuit                                ;
; Top-level Entity Name              ; project_circuit                                ;
; Family                             ; Cyclone IV E                                   ;
; Total logic elements               ; 64                                             ;
;     Total combinational functions  ; 63                                             ;
;     Dedicated logic registers      ; 32                                             ;
; Total registers                    ; 32                                             ;
; Total pins                         ; 48                                             ;
; Total virtual pins                 ; 0                                              ;
; Total memory bits                  ; 0                                              ;
; Embedded Multiplier 9-bit elements ; 0                                              ;
; Total PLLs                         ; 0                                              ;
+------------------------------------+------------------------------------------------+


+------------------------------------------------------------------------------------------------------------+
; Analysis & Synthesis Settings                                                                              ;
+------------------------------------------------------------------+--------------------+--------------------+
; Option                                                           ; Setting            ; Default Value      ;
+------------------------------------------------------------------+--------------------+--------------------+
; Device                                                           ; EP4CE115F29C7      ;                    ;
; Top-level entity name                                            ; project_circuit    ; project_circuit    ;
; Family name                                                      ; Cyclone IV E       ; Cyclone V          ;
; Use smart compilation                                            ; Off                ; Off                ;
; Enable parallel Assembler and Timing Analyzer during compilation ; On                 ; On                 ;
; Enable compact report table                                      ; Off                ; Off                ;
; Restructure Multiplexers                                         ; Auto               ; Auto               ;
; Create Debugging Nodes for IP Cores                              ; Off                ; Off                ;
; Preserve fewer node names                                        ; On                 ; On                 ;
; Intel FPGA IP Evaluation Mode                                    ; Enable             ; Enable             ;
; Verilog Version                                                  ; Verilog_2001       ; Verilog_2001       ;
; VHDL Version                                                     ; VHDL_1993          ; VHDL_1993          ;
; State Machine Processing                                         ; Auto               ; Auto               ;
; Safe State Machine                                               ; Off                ; Off                ;
; Extract Verilog State Machines                                   ; On                 ; On                 ;
; Extract VHDL State Machines                                      ; On                 ; On                 ;
; Ignore Verilog initial constructs                                ; Off                ; Off                ;
; Iteration limit for constant Verilog loops                       ; 5000               ; 5000               ;
; Iteration limit for non-constant Verilog loops                   ; 250                ; 250                ;
; Add Pass-Through Logic to Inferred RAMs                          ; On                 ; On                 ;
; Infer RAMs from Raw Logic                                        ; On                 ; On                 ;
; Parallel Synthesis                                               ; On                 ; On                 ;
; DSP Block Balancing                                              ; Auto               ; Auto               ;
; NOT Gate Push-Back                                               ; On                 ; On                 ;
; Power-Up Don't Care                                              ; On                 ; On                 ;
; Remove Redundant Logic Cells                                     ; Off                ; Off                ;
; Remove Duplicate Registers                                       ; On                 ; On                 ;
; Ignore CARRY Buffers                                             ; Off                ; Off                ;
; Ignore CASCADE Buffers                                           ; Off                ; Off                ;
; Ignore GLOBAL Buffers                                            ; Off                ; Off                ;
; Ignore ROW GLOBAL Buffers                                        ; Off                ; Off                ;
; Ignore LCELL Buffers                                             ; Off                ; Off                ;
; Ignore SOFT Buffers                                              ; On                 ; On                 ;
; Limit AHDL Integers to 32 Bits                                   ; Off                ; Off                ;
; Optimization Technique                                           ; Balanced           ; Balanced           ;
; Carry Chain Length                                               ; 70                 ; 70                 ;
; Auto Carry Chains                                                ; On                 ; On                 ;
; Auto Open-Drain Pins                                             ; On                 ; On                 ;
; Perform WYSIWYG Primitive Resynthesis                            ; Off                ; Off                ;
; Auto ROM Replacement                                             ; On                 ; On                 ;
; Auto RAM Replacement                                             ; On                 ; On                 ;
; Auto DSP Block Replacement                                       ; On                 ; On                 ;
; Auto Shift Register Replacement                                  ; Auto               ; Auto               ;
; Allow Shift Register Merging across Hierarchies                  ; Auto               ; Auto               ;
; Auto Clock Enable Replacement                                    ; On                 ; On                 ;
; Strict RAM Replacement                                           ; Off                ; Off                ;
; Allow Synchronous Control Signals                                ; On                 ; On                 ;
; Force Use of Synchronous Clear Signals                           ; Off                ; Off                ;
; Auto RAM Block Balancing                                         ; On                 ; On                 ;
; Auto RAM to Logic Cell Conversion                                ; Off                ; Off                ;
; Auto Resource Sharing                                            ; Off                ; Off                ;
; Allow Any RAM Size For Recognition                               ; Off                ; Off                ;
; Allow Any ROM Size For Recognition                               ; Off                ; Off                ;
; Allow Any Shift Register Size For Recognition                    ; Off                ; Off                ;
; Use LogicLock Constraints during Resource Balancing              ; On                 ; On                 ;
; Ignore translate_off and synthesis_off directives                ; Off                ; Off                ;
; Timing-Driven Synthesis                                          ; On                 ; On                 ;
; Report Parameter Settings                                        ; On                 ; On                 ;
; Report Source Assignments                                        ; On                 ; On                 ;
; Report Connectivity Checks                                       ; On                 ; On                 ;
; Ignore Maximum Fan-Out Assignments                               ; Off                ; Off                ;
; Synchronization Register Chain Length                            ; 2                  ; 2                  ;
; Power Optimization During Synthesis                              ; Normal compilation ; Normal compilation ;
; HDL message level                                                ; Level2             ; Level2             ;
; Suppress Register Optimization Related Messages                  ; Off                ; Off                ;
; Number of Removed Registers Reported in Synthesis Report         ; 5000               ; 5000               ;
; Number of Swept Nodes Reported in Synthesis Report               ; 5000               ; 5000               ;
; Number of Inverted Registers Reported in Synthesis Report        ; 100                ; 100                ;
; Clock MUX Protection                                             ; On                 ; On                 ;
; Auto Gated Clock Conversion                                      ; Off                ; Off                ;
; Block Design Naming                                              ; Auto               ; Auto               ;
; SDC constraint protection                                        ; Off                ; Off                ;
; Synthesis Effort                                                 ; Auto               ; Auto               ;
; Shift Register Replacement - Allow Asynchronous Clear Signal     ; On                 ; On                 ;
; Pre-Mapping Resynthesis Optimization                             ; Off                ; Off                ;
; Analysis & Synthesis Message Level                               ; Medium             ; Medium             ;
; Disable Register Merging Across Hierarchies                      ; Auto               ; Auto               ;
; Resource Aware Inference For Block RAM                           ; On                 ; On                 ;
+------------------------------------------------------------------+--------------------+--------------------+


+------------------------------------------+
; Parallel Compilation                     ;
+----------------------------+-------------+
; Processors                 ; Number      ;
+----------------------------+-------------+
; Number detected on machine ; 16          ;
; Maximum allowed            ; 8           ;
;                            ;             ;
; Average used               ; 1.00        ;
; Maximum used               ; 8           ;
;                            ;             ;
; Usage by Processor         ; % Time Used ;
;     Processor 1            ; 100.0%      ;
;     Processors 2-8         ;   0.0%      ;
+----------------------------+-------------+


+-------------------------------------------------------------------------------------------------------------------------------------------------------------------+
; Analysis & Synthesis Source Files Read                                                                                                                            ;
+----------------------------------+-----------------+------------------------------------+---------------------------------------------------------------+---------+
; File Name with User-Entered Path ; Used in Netlist ; File Type                          ; File Name with Absolute Path                                  ; Library ;
+----------------------------------+-----------------+------------------------------------+---------------------------------------------------------------+---------+
; project_circuit.bdf              ; yes             ; User Block Diagram/Schematic File  ; C:/intelFPGA_lite/22.1std/PROJECT_CIRCUIT/project_circuit.bdf ;         ;
+----------------------------------+-----------------+------------------------------------+---------------------------------------------------------------+---------+


+-------------------------------------------------------+
; Analysis & Synthesis Resource Usage Summary           ;
+---------------------------------------------+---------+
; Resource                                    ; Usage   ;
+---------------------------------------------+---------+
; Estimated Total logic elements              ; 64      ;
;                                             ;         ;
; Total combinational functions               ; 63      ;
; Logic element usage by number of LUT inputs ;         ;
;     -- 4 input functions                    ; 19      ;
;     -- 3 input functions                    ; 4       ;
;     -- <=2 input functions                  ; 40      ;
;                                             ;         ;
; Logic elements by mode                      ;         ;
;     -- normal mode                          ; 63      ;
;     -- arithmetic mode                      ; 0       ;
;                                             ;         ;
; Total registers                             ; 32      ;
;     -- Dedicated logic registers            ; 32      ;
;     -- I/O registers                        ; 0       ;
;                                             ;         ;
; I/O pins                                    ; 48      ;
;                                             ;         ;
; Embedded Multiplier 9-bit elements          ; 0       ;
;                                             ;         ;
; Maximum fan-out node                        ; inst~11 ;
; Maximum fan-out                             ; 23      ;
; Total fan-out                               ; 350     ;
; Average fan-out                             ; 1.67    ;
+---------------------------------------------+---------+


+--------------------------------------------------------------------------------------------------------------------------------------------------------------------------------------------------------------+
; Analysis & Synthesis Resource Utilization by Entity                                                                                                                                                          ;
+----------------------------+---------------------+---------------------------+-------------+--------------+---------+-----------+------+--------------+---------------------+-----------------+--------------+
; Compilation Hierarchy Node ; Combinational ALUTs ; Dedicated Logic Registers ; Memory Bits ; DSP Elements ; DSP 9x9 ; DSP 18x18 ; Pins ; Virtual Pins ; Full Hierarchy Name ; Entity Name     ; Library Name ;
+----------------------------+---------------------+---------------------------+-------------+--------------+---------+-----------+------+--------------+---------------------+-----------------+--------------+
; |project_circuit           ; 63 (63)             ; 32 (32)                   ; 0           ; 0            ; 0       ; 0         ; 48   ; 0            ; |project_circuit    ; project_circuit ; work         ;
+----------------------------+---------------------+---------------------------+-------------+--------------+---------+-----------+------+--------------+---------------------+-----------------+--------------+
Note: For table entries with two numbers listed, the numbers in parentheses indicate the number of resources of the given type used by the specific entity alone. The numbers listed outside of parentheses indicate the total resources of the given type used by the specific entity and all of its sub-entities in the hierarchy.


+------------------------------------------------------------------------------+
; Registers Removed During Synthesis                                           ;
+---------------------------------------+--------------------------------------+
; Register name                         ; Reason for Removal                   ;
+---------------------------------------+--------------------------------------+
; inst1~_emulated                       ; Stuck at GND due to stuck port clock ;
; Total Number of Removed Registers = 1 ;                                      ;
+---------------------------------------+--------------------------------------+


+------------------------------------------------------+
; General Register Statistics                          ;
+----------------------------------------------+-------+
; Statistic                                    ; Value ;
+----------------------------------------------+-------+
; Total registers                              ; 32    ;
; Number of registers using Synchronous Clear  ; 0     ;
; Number of registers using Synchronous Load   ; 0     ;
; Number of registers using Asynchronous Clear ; 30    ;
; Number of registers using Asynchronous Load  ; 0     ;
; Number of registers using Clock Enable       ; 0     ;
; Number of registers using Preset             ; 0     ;
+----------------------------------------------+-------+


+-----------------------------------------------------+
; Post-Synthesis Netlist Statistics for Top Partition ;
+-----------------------+-----------------------------+
; Type                  ; Count                       ;
+-----------------------+-----------------------------+
; boundary_port         ; 48                          ;
; cycloneiii_ff         ; 32                          ;
;     CLR               ; 30                          ;
;     plain             ; 2                           ;
; cycloneiii_io_obuf    ; 19                          ;
; cycloneiii_lcell_comb ; 67                          ;
;     normal            ; 67                          ;
;         1 data inputs ; 27                          ;
;         2 data inputs ; 17                          ;
;         3 data inputs ; 4                           ;
;         4 data inputs ; 19                          ;
;                       ;                             ;
; Max LUT depth         ; 4.00                        ;
; Average LUT depth     ; 1.20                        ;
+-----------------------+-----------------------------+


+-------------------------------+
; Elapsed Time Per Partition    ;
+----------------+--------------+
; Partition Name ; Elapsed Time ;
+----------------+--------------+
; Top            ; 00:00:00     ;
+----------------+--------------+


+-------------------------------+
; Analysis & Synthesis Messages ;
+-------------------------------+
Info: *******************************************************************
Info: Running Quartus Prime Analysis & Synthesis
    Info: Version 22.1std.0 Build 915 10/25/2022 SC Lite Edition
    Info: Processing started: Tue Dec  5 16:09:15 2023
Info: Command: quartus_map --read_settings_files=on --write_settings_files=off project_circuit -c project_circuit
Warning (18236): Number of processors has not been specified which may cause overloading on shared machines.  Set the global assignment NUM_PARALLEL_PROCESSORS in your QSF to an appropriate value for best performance.
Info (20030): Parallel compilation is enabled and will use 8 of the 8 processors detected
Info (12021): Found 1 design units, including 1 entities, in source file project_circuit.bdf
    Info (12023): Found entity 1: project_circuit
Info (12127): Elaborating entity "project_circuit" for the top level hierarchy
Warning (275008): Primitive "DFF" of instance "D10" not used
Warning (275008): Primitive "DFF" of instance "D11" not used
Warning (275008): Primitive "DFF" of instance "D12" not used
Warning (275008): Primitive "DFF" of instance "D7" not used
Warning (275008): Primitive "DFF" of instance "D8" not used
Warning (275008): Primitive "DFF" of instance "D9" not used
Warning (275008): Primitive "NOT" of instance "inst100" not used
Warning (275008): Primitive "NOT" of instance "inst101" not used
Warning (275008): Primitive "AND3" of instance "inst102" not used
Warning (275008): Primitive "XOR" of instance "inst104" not used
Warning (275008): Primitive "AND2" of instance "inst105" not used
Warning (275008): Primitive "AND2" of instance "inst106" not used
Warning (275008): Primitive "AND2" of instance "inst107" not used
Warning (275008): Primitive "AND2" of instance "inst108" not used
Warning (275008): Primitive "AND2" of instance "inst109" not used
Warning (275008): Primitive "AND4" of instance "inst110" not used
Warning (275008): Primitive "OR3" of instance "inst111" not used
Warning (275008): Primitive "OR4" of instance "inst112" not used
Warning (275008): Primitive "NOT" of instance "inst113" not used
Warning (275008): Primitive "NOT" of instance "inst114" not used
Warning (275008): Primitive "NOT" of instance "inst115" not used
Warning (275008): Primitive "NOT" of instance "inst116" not used
Warning (275008): Primitive "AND3" of instance "inst117" not used
Warning (275008): Primitive "NOT" of instance "inst118" not used
Warning (275008): Primitive "AND8" of instance "inst120" not used
Warning (275008): Primitive "AND2" of instance "inst90" not used
Warning (275008): Primitive "AND2" of instance "inst91" not used
Warning (275008): Primitive "AND2" of instance "inst92" not used
Warning (275008): Primitive "AND2" of instance "inst93" not used
Warning (275008): Primitive "AND2" of instance "inst94" not used
Warning (275008): Primitive "AND4" of instance "inst95" not used
Warning (275008): Primitive "OR3" of instance "inst96" not used
Warning (275008): Primitive "OR4" of instance "inst97" not used
Warning (275008): Primitive "NOT" of instance "inst99" not used
Warning (13034): The following nodes have both tri-state and non-tri-state drivers
    Warning (13035): Inserted always-enabled tri-state buffer between "CAP1P" and its non-tri-state driver.
    Warning (13035): Inserted always-enabled tri-state buffer between "CAP1N" and its non-tri-state driver.
    Warning (13035): Inserted always-enabled tri-state buffer between "CAP2P" and its non-tri-state driver.
    Warning (13035): Inserted always-enabled tri-state buffer between "CAP2N" and its non-tri-state driver.
    Warning (13035): Inserted always-enabled tri-state buffer between "CAP3P" and its non-tri-state driver.
    Warning (13035): Inserted always-enabled tri-state buffer between "CAP3N" and its non-tri-state driver.
    Warning (13035): Inserted always-enabled tri-state buffer between "CAP4P" and its non-tri-state driver.
    Warning (13035): Inserted always-enabled tri-state buffer between "CAP4N" and its non-tri-state driver.
    Warning (13035): Inserted always-enabled tri-state buffer between "CAP5P" and its non-tri-state driver.
    Warning (13035): Inserted always-enabled tri-state buffer between "CAP5N" and its non-tri-state driver.
    Warning (13035): Inserted always-enabled tri-state buffer between "CAP6P" and its non-tri-state driver.
    Warning (13035): Inserted always-enabled tri-state buffer between "CAP6N" and its non-tri-state driver.
    Warning (13035): Inserted always-enabled tri-state buffer between "CAP7P" and its non-tri-state driver.
    Warning (13035): Inserted always-enabled tri-state buffer between "CAP7N" and its non-tri-state driver.
    Warning (13035): Inserted always-enabled tri-state buffer between "CAP8P" and its non-tri-state driver.
    Warning (13035): Inserted always-enabled tri-state buffer between "CAP8N" and its non-tri-state driver.
    Warning (13035): Inserted always-enabled tri-state buffer between "CAP9P" and its non-tri-state driver.
    Warning (13035): Inserted always-enabled tri-state buffer between "CAP9N" and its non-tri-state driver.
    Warning (13035): Inserted always-enabled tri-state buffer between "D0" and its non-tri-state driver.
Warning (13004): Presettable and clearable registers converted to equivalent circuits with latches. Registers power-up to an undefined state, and DEVCLRn places the registers in an undefined state.
    Warning (13310): Register "inst1" is converted into an equivalent circuit using register "inst1~_emulated" and latch "inst1~1"
Warning (13009): TRI or OPNDRN buffers permanently enabled
    Warning (13010): Node "CAP1P~synth"
    Warning (13010): Node "CAP1N~synth"
    Warning (13010): Node "CAP2P~synth"
    Warning (13010): Node "CAP2N~synth"
    Warning (13010): Node "CAP3P~synth"
    Warning (13010): Node "CAP3N~synth"
    Warning (13010): Node "CAP4P~synth"
    Warning (13010): Node "CAP4N~synth"
    Warning (13010): Node "CAP5P~synth"
    Warning (13010): Node "CAP5N~synth"
    Warning (13010): Node "CAP6P~synth"
    Warning (13010): Node "CAP6N~synth"
    Warning (13010): Node "CAP7P~synth"
    Warning (13010): Node "CAP7N~synth"
    Warning (13010): Node "CAP8P~synth"
    Warning (13010): Node "CAP8N~synth"
    Warning (13010): Node "CAP9P~synth"
    Warning (13010): Node "CAP9N~synth"
    Warning (13010): Node "D0~synth"
Info (286030): Timing-Driven Synthesis is running
Info (16010): Generating hard_block partition "hard_block:auto_generated_inst"
    Info (16011): Adding 0 node(s), including 0 DDIO, 0 PLL, 0 transceiver and 0 LCELL
Info (21057): Implemented 113 device resources after synthesis - the final resource count might be different
    Info (21058): Implemented 4 input pins
    Info (21059): Implemented 25 output pins
    Info (21060): Implemented 19 bidirectional pins
    Info (21061): Implemented 65 logic cells
Info: Quartus Prime Analysis & Synthesis was successful. 0 errors, 77 warnings
    Info: Peak virtual memory: 4817 megabytes
    Info: Processing ended: Tue Dec  5 16:09:21 2023
    Info: Elapsed time: 00:00:06
    Info: Total CPU time (on all processors): 00:00:09


